<?xml version="1.0" encoding="UTF-8"?>
<!-- Generated by org.testng.reporters.JUnitXMLReporter -->
<testsuite hostname="new-host.home" name="Test" tests="4" failures="4" timestamp="11 Jun 2012 03:12:37 GMT" time="0.219" errors="0">
  <testcase name="testRegisterPremium" time="0.0010" classname="com.webdriver.qa.automation.btr.testcases.registration.TestRegisterPremiumAccount">
    <failure type="org.openqa.selenium.remote.UnreachableBrowserException" message="Error communicating with the remote browser. It may have died.
Build info: version: &amp;apos;2.2.1&amp;apos;, revision: &amp;apos;16551&amp;apos;, time: &amp;apos;2012-04-11 21:42:35&amp;apos;
System info: os.name: &amp;apos;Mac OS X&amp;apos;, os.arch: &amp;apos;x86_64&amp;apos;, os.version: &amp;apos;10.7.3&amp;apos;, java.version: &amp;apos;1.6.0_31&amp;apos;
Driver info: driver.version: RemoteWebDriver">
      <![CDATA[org.openqa.selenium.remote.UnreachableBrowserException: Error communicating with the remote browser. It may have died.
Build info: version: '2.2.1', revision: '16551', time: '2012-04-11 21:42:35'
System info: os.name: 'Mac OS X', os.arch: 'x86_64', os.version: '10.7.3', java.version: '1.6.0_31'
Driver info: driver.version: RemoteWebDriver
	at org.openqa.selenium.remote.RemoteWebDriver.execute(RemoteWebDriver.java:454)
	at org.openqa.selenium.remote.RemoteWebDriver.findElement(RemoteWebDriver.java:227)
	at org.openqa.selenium.remote.RemoteWebDriver.findElementByCssSelector(RemoteWebDriver.java:304)
	at org.openqa.selenium.By$ByCssSelector.findElement(By.java:406)
	at org.openqa.selenium.remote.RemoteWebDriver.findElement(RemoteWebDriver.java:219)
	at org.openqa.selenium.support.pagefactory.DefaultElementLocator.findElement(DefaultElementLocator.java:60)
	at org.openqa.selenium.support.pagefactory.internal.LocatingElementHandler.invoke(LocatingElementHandler.java:35)
	at $Proxy7.click(Unknown Source)
	at com.webdriver.qa.automation.btr.pages.MainPage.goToRegistrationViaBecomeHostLink(MainPage.java:38)
	at com.webdriver.qa.automation.btr.testcases.registration.TestRegisterPremiumAccount.testRegisterPremium(TestRegisterPremiumAccount.java:50)
	at com.webdriver.qa.automation.execute.runner.SuiteRunner.executeTestNGSuite(SuiteRunner.java:20)
	at com.webdriver.qa.automation.execute.Execute.main(Execute.java:8)
Caused by: org.openqa.selenium.WebDriverException: The FirefoxDriver cannot be used after quit() was called.
Build info: version: '2.2.1', revision: '16551', time: '2012-04-11 21:42:35'
System info: os.name: 'Mac OS X', os.arch: 'x86_64', os.version: '10.7.3', java.version: '1.6.0_31'
Driver info: driver.version: RemoteWebDriver
	at org.openqa.selenium.firefox.FirefoxDriver$LazyCommandExecutor.execute(FirefoxDriver.java:277)
	at org.openqa.selenium.remote.RemoteWebDriver.execute(RemoteWebDriver.java:432)
	... 32 more
... Removed 21 stack frames]]>
    </failure>
  </testcase> <!-- testRegisterPremium -->
  <testcase name="testRegisterPlus" time="0.0010" classname="com.webdriver.qa.automation.btr.testcases.registration.TestRegisterPlusAccount">
    <failure type="org.openqa.selenium.remote.UnreachableBrowserException" message="Error communicating with the remote browser. It may have died.
Build info: version: &amp;apos;2.2.1&amp;apos;, revision: &amp;apos;16551&amp;apos;, time: &amp;apos;2012-04-11 21:42:35&amp;apos;
System info: os.name: &amp;apos;Mac OS X&amp;apos;, os.arch: &amp;apos;x86_64&amp;apos;, os.version: &amp;apos;10.7.3&amp;apos;, java.version: &amp;apos;1.6.0_31&amp;apos;
Driver info: driver.version: RemoteWebDriver">
      <![CDATA[org.openqa.selenium.remote.UnreachableBrowserException: Error communicating with the remote browser. It may have died.
Build info: version: '2.2.1', revision: '16551', time: '2012-04-11 21:42:35'
System info: os.name: 'Mac OS X', os.arch: 'x86_64', os.version: '10.7.3', java.version: '1.6.0_31'
Driver info: driver.version: RemoteWebDriver
	at org.openqa.selenium.remote.RemoteWebDriver.execute(RemoteWebDriver.java:454)
	at org.openqa.selenium.remote.RemoteWebDriver.findElement(RemoteWebDriver.java:227)
	at org.openqa.selenium.remote.RemoteWebDriver.findElementByCssSelector(RemoteWebDriver.java:304)
	at org.openqa.selenium.By$ByCssSelector.findElement(By.java:406)
	at org.openqa.selenium.remote.RemoteWebDriver.findElement(RemoteWebDriver.java:219)
	at org.openqa.selenium.support.pagefactory.DefaultElementLocator.findElement(DefaultElementLocator.java:60)
	at org.openqa.selenium.support.pagefactory.internal.LocatingElementHandler.invoke(LocatingElementHandler.java:35)
	at $Proxy7.click(Unknown Source)
	at com.webdriver.qa.automation.btr.pages.MainPage.goToRegistrationViaBecomeHostLink(MainPage.java:38)
	at com.webdriver.qa.automation.btr.testcases.registration.TestRegisterPlusAccount.testRegisterPlus(TestRegisterPlusAccount.java:45)
	at com.webdriver.qa.automation.execute.runner.SuiteRunner.executeTestNGSuite(SuiteRunner.java:20)
	at com.webdriver.qa.automation.execute.Execute.main(Execute.java:8)
Caused by: org.openqa.selenium.WebDriverException: The FirefoxDriver cannot be used after quit() was called.
Build info: version: '2.2.1', revision: '16551', time: '2012-04-11 21:42:35'
System info: os.name: 'Mac OS X', os.arch: 'x86_64', os.version: '10.7.3', java.version: '1.6.0_31'
Driver info: driver.version: RemoteWebDriver
	at org.openqa.selenium.firefox.FirefoxDriver$LazyCommandExecutor.execute(FirefoxDriver.java:277)
	at org.openqa.selenium.remote.RemoteWebDriver.execute(RemoteWebDriver.java:432)
	... 32 more
... Removed 21 stack frames]]>
    </failure>
  </testcase> <!-- testRegisterPlus -->
  <testcase name="testRegisterPro" time="0.0010" classname="com.webdriver.qa.automation.btr.testcases.registration.TestRegisterProAccount">
    <failure type="org.openqa.selenium.remote.UnreachableBrowserException" message="Error communicating with the remote browser. It may have died.
Build info: version: &amp;apos;2.2.1&amp;apos;, revision: &amp;apos;16551&amp;apos;, time: &amp;apos;2012-04-11 21:42:35&amp;apos;
System info: os.name: &amp;apos;Mac OS X&amp;apos;, os.arch: &amp;apos;x86_64&amp;apos;, os.version: &amp;apos;10.7.3&amp;apos;, java.version: &amp;apos;1.6.0_31&amp;apos;
Driver info: driver.version: RemoteWebDriver">
      <![CDATA[org.openqa.selenium.remote.UnreachableBrowserException: Error communicating with the remote browser. It may have died.
Build info: version: '2.2.1', revision: '16551', time: '2012-04-11 21:42:35'
System info: os.name: 'Mac OS X', os.arch: 'x86_64', os.version: '10.7.3', java.version: '1.6.0_31'
Driver info: driver.version: RemoteWebDriver
	at org.openqa.selenium.remote.RemoteWebDriver.execute(RemoteWebDriver.java:454)
	at org.openqa.selenium.remote.RemoteWebDriver.findElement(RemoteWebDriver.java:227)
	at org.openqa.selenium.remote.RemoteWebDriver.findElementByCssSelector(RemoteWebDriver.java:304)
	at org.openqa.selenium.By$ByCssSelector.findElement(By.java:406)
	at org.openqa.selenium.remote.RemoteWebDriver.findElement(RemoteWebDriver.java:219)
	at org.openqa.selenium.support.pagefactory.DefaultElementLocator.findElement(DefaultElementLocator.java:60)
	at org.openqa.selenium.support.pagefactory.internal.LocatingElementHandler.invoke(LocatingElementHandler.java:35)
	at $Proxy7.click(Unknown Source)
	at com.webdriver.qa.automation.btr.pages.MainPage.goToRegistrationViaBecomeHostLink(MainPage.java:38)
	at com.webdriver.qa.automation.btr.testcases.registration.TestRegisterProAccount.testRegisterPro(TestRegisterProAccount.java:49)
	at com.webdriver.qa.automation.execute.runner.SuiteRunner.executeTestNGSuite(SuiteRunner.java:20)
	at com.webdriver.qa.automation.execute.Execute.main(Execute.java:8)
Caused by: org.openqa.selenium.WebDriverException: The FirefoxDriver cannot be used after quit() was called.
Build info: version: '2.2.1', revision: '16551', time: '2012-04-11 21:42:35'
System info: os.name: 'Mac OS X', os.arch: 'x86_64', os.version: '10.7.3', java.version: '1.6.0_31'
Driver info: driver.version: RemoteWebDriver
	at org.openqa.selenium.firefox.FirefoxDriver$LazyCommandExecutor.execute(FirefoxDriver.java:277)
	at org.openqa.selenium.remote.RemoteWebDriver.execute(RemoteWebDriver.java:432)
	... 32 more
... Removed 21 stack frames]]>
    </failure>
  </testcase> <!-- testRegisterPro -->
  <testcase name="testRegisterFreeAcount" time="0.0020" classname="com.webdriver.qa.automation.btr.testcases.registration.TestRegisterFreeAccount">
    <failure type="org.openqa.selenium.remote.UnreachableBrowserException" message="Error communicating with the remote browser. It may have died.
Build info: version: &amp;apos;2.2.1&amp;apos;, revision: &amp;apos;16551&amp;apos;, time: &amp;apos;2012-04-11 21:42:35&amp;apos;
System info: os.name: &amp;apos;Mac OS X&amp;apos;, os.arch: &amp;apos;x86_64&amp;apos;, os.version: &amp;apos;10.7.3&amp;apos;, java.version: &amp;apos;1.6.0_31&amp;apos;
Driver info: driver.version: RemoteWebDriver">
      <![CDATA[org.openqa.selenium.remote.UnreachableBrowserException: Error communicating with the remote browser. It may have died.
Build info: version: '2.2.1', revision: '16551', time: '2012-04-11 21:42:35'
System info: os.name: 'Mac OS X', os.arch: 'x86_64', os.version: '10.7.3', java.version: '1.6.0_31'
Driver info: driver.version: RemoteWebDriver
	at org.openqa.selenium.remote.RemoteWebDriver.execute(RemoteWebDriver.java:454)
	at org.openqa.selenium.remote.RemoteWebDriver.findElement(RemoteWebDriver.java:227)
	at org.openqa.selenium.remote.RemoteWebDriver.findElementByCssSelector(RemoteWebDriver.java:304)
	at org.openqa.selenium.By$ByCssSelector.findElement(By.java:406)
	at org.openqa.selenium.remote.RemoteWebDriver.findElement(RemoteWebDriver.java:219)
	at org.openqa.selenium.support.pagefactory.DefaultElementLocator.findElement(DefaultElementLocator.java:60)
	at org.openqa.selenium.support.pagefactory.internal.LocatingElementHandler.invoke(LocatingElementHandler.java:35)
	at $Proxy7.click(Unknown Source)
	at com.webdriver.qa.automation.btr.pages.MainPage.goToRegistrationViaBecomeHostLink(MainPage.java:38)
	at com.webdriver.qa.automation.btr.testcases.registration.TestRegisterFreeAccount.testRegisterFreeAcount(TestRegisterFreeAccount.java:56)
	at com.webdriver.qa.automation.execute.runner.SuiteRunner.executeTestNGSuite(SuiteRunner.java:20)
	at com.webdriver.qa.automation.execute.Execute.main(Execute.java:8)
Caused by: org.openqa.selenium.WebDriverException: The FirefoxDriver cannot be used after quit() was called.
Build info: version: '2.2.1', revision: '16551', time: '2012-04-11 21:42:35'
System info: os.name: 'Mac OS X', os.arch: 'x86_64', os.version: '10.7.3', java.version: '1.6.0_31'
Driver info: driver.version: RemoteWebDriver
	at org.openqa.selenium.firefox.FirefoxDriver$LazyCommandExecutor.execute(FirefoxDriver.java:277)
	at org.openqa.selenium.remote.RemoteWebDriver.execute(RemoteWebDriver.java:432)
	... 32 more
... Removed 21 stack frames]]>
    </failure>
  </testcase> <!-- testRegisterFreeAcount -->
</testsuite> <!-- Test -->
