<?xml version="1.0" encoding="UTF-8"?>
<!-- Generated by org.testng.reporters.JUnitXMLReporter -->
<testsuite hostname="new-host.home" name="Test" tests="2" failures="2" timestamp="21 Jan 2013 17:43:55 GMT" time="41.882" errors="0">
  <testcase name="testAMSSuccessfulLogin" time="35.035" classname="com.webdriver.qa.automation.ams.testcases.login.TestAMSSuccessfulLogin">
    <failure type="org.openqa.selenium.NoSuchWindowException" message="findElement execution failed;
 The window could not be found (WARNING: The server did not provide any stacktrace information)
Command duration or timeout: 17 milliseconds
Build info: version: &amp;apos;2.23.0&amp;apos;, revision: &amp;apos;17137&amp;apos;, time: &amp;apos;2012-06-07 09:08:12&amp;apos;
System info: os.name: &amp;apos;Mac OS X&amp;apos;, os.arch: &amp;apos;x86_64&amp;apos;, os.version: &amp;apos;10.8.2&amp;apos;, java.version: &amp;apos;1.6.0_37&amp;apos;
Driver info: driver.version: RemoteWebDriver
Session ID: 0028904aebe506489ca19184aa48a569">
      <![CDATA[org.openqa.selenium.NoSuchWindowException: findElement execution failed;
 The window could not be found (WARNING: The server did not provide any stacktrace information)
Command duration or timeout: 17 milliseconds
Build info: version: '2.23.0', revision: '17137', time: '2012-06-07 09:08:12'
System info: os.name: 'Mac OS X', os.arch: 'x86_64', os.version: '10.8.2', java.version: '1.6.0_37'
Driver info: driver.version: RemoteWebDriver
Session ID: 0028904aebe506489ca19184aa48a569
	at org.openqa.selenium.remote.ErrorHandler.createThrowable(ErrorHandler.java:188)
	at org.openqa.selenium.remote.ErrorHandler.throwIfResponseFailed(ErrorHandler.java:145)
	at org.openqa.selenium.remote.RemoteWebDriver.execute(RemoteWebDriver.java:458)
	at org.openqa.selenium.remote.RemoteWebDriver.findElement(RemoteWebDriver.java:226)
	at org.openqa.selenium.remote.RemoteWebDriver.findElementById(RemoteWebDriver.java:255)
	at org.openqa.selenium.By$ById.findElement(By.java:215)
	at org.openqa.selenium.remote.RemoteWebDriver.findElement(RemoteWebDriver.java:218)
	at org.openqa.selenium.support.pagefactory.DefaultElementLocator.findElement(DefaultElementLocator.java:59)
	at org.openqa.selenium.support.pagefactory.internal.LocatingElementHandler.invoke(LocatingElementHandler.java:34)
	at $Proxy18.getText(Unknown Source)
	at com.webdriver.qa.automation.ams.pages.DashboardPage.validateLoggedIn(DashboardPage.java:74)
	at com.webdriver.qa.automation.ams.testcases.login.TestAMSSuccessfulLogin.testAMSSuccessfulLogin(TestAMSSuccessfulLogin.java:22)
	at com.webdriver.qa.automation.execute.runner.SuiteRunner.executeTestNGSuite(SuiteRunner.java:18)
	at com.webdriver.qa.automation.execute.Execute.main(Execute.java:8)
	at org.codehaus.mojo.exec.ExecJavaMojo$1.run(ExecJavaMojo.java:297)
	at java.lang.Thread.run(Thread.java:680)
... Removed 29 stack frames]]>
    </failure>
  </testcase> <!-- testAMSSuccessfulLogin -->
  <testcase name="testAMSSuccessfulLogin" time="35.039" classname="com.webdriver.qa.automation.ams.testcases.login.TestAMSSuccessfulLogin">
    <failure type="java.lang.IllegalAccessError" message="tried to access field com.webdriver.qa.automation.framework.WebDriverManager.driver from class com.webdriver.qa.automation.execute.runner.CustomTestListener">
      <![CDATA[java.lang.IllegalAccessError: tried to access field com.webdriver.qa.automation.framework.WebDriverManager.driver from class com.webdriver.qa.automation.execute.runner.CustomTestListener
	at com.webdriver.qa.automation.execute.runner.CustomTestListener.saveScreenShot(CustomTestListener.java:33)
	at com.webdriver.qa.automation.execute.runner.CustomTestListener.onTestFailure(CustomTestListener.java:48)
	at com.webdriver.qa.automation.execute.runner.SuiteRunner.executeTestNGSuite(SuiteRunner.java:18)
	at com.webdriver.qa.automation.execute.Execute.main(Execute.java:8)
	at org.codehaus.mojo.exec.ExecJavaMojo$1.run(ExecJavaMojo.java:297)
	at java.lang.Thread.run(Thread.java:680)
... Removed 22 stack frames]]>
    </failure>
  </testcase> <!-- testAMSSuccessfulLogin -->
</testsuite> <!-- Test -->
