<?xml version="1.0" encoding="UTF-8"?>
<!-- Generated by org.testng.reporters.JUnitReportReporter -->
<testsuite hostname="Daniels-MacBook-Pro.local" name="com.webdriver.qa.automation.btr.testcases.registration.TestRegisterPremiumAccount" tests="1" failures="1" timestamp="17 May 2012 14:23:37 GMT" time="0.001" errors="0">
  <testcase name="testRegisterPremium" time="0.001" classname="com.webdriver.qa.automation.btr.testcases.registration.TestRegisterPremiumAccount">
    <failure type="com.webdriver.qa.automation.framework.exceptions.InvalidAttributeException" message="Could not locate the following attribute: accountTypesaf">
      <![CDATA[com.webdriver.qa.automation.framework.exceptions.InvalidAttributeException: Could not locate the following attribute: accountTypesaf
	at com.webdriver.qa.automation.framework.testcase.TestConfig.getValue(TestConfig.java:21)
	at com.webdriver.qa.automation.btr.testcases.registration.TestRegisterPremiumAccount.testRegisterPremium(TestRegisterPremiumAccount.java:15)
	at sun.reflect.NativeMethodAccessorImpl.invoke0(Native Method)
	at sun.reflect.NativeMethodAccessorImpl.invoke(NativeMethodAccessorImpl.java:39)
	at sun.reflect.DelegatingMethodAccessorImpl.invoke(DelegatingMethodAccessorImpl.java:25)
	at java.lang.reflect.Method.invoke(Method.java:597)
	at org.testng.internal.MethodInvocationHelper.invokeMethod(MethodInvocationHelper.java:80)
	at org.testng.internal.Invoker.invokeMethod(Invoker.java:701)
	at org.testng.internal.Invoker.invokeTestMethod(Invoker.java:893)
	at org.testng.internal.Invoker.invokeTestMethods(Invoker.java:1218)
	at org.testng.internal.TestMethodWorker.invokeTestMethods(TestMethodWorker.java:127)
	at org.testng.internal.TestMethodWorker.run(TestMethodWorker.java:111)
	at org.testng.TestRunner.privateRun(TestRunner.java:758)
	at org.testng.TestRunner.run(TestRunner.java:613)
	at org.testng.SuiteRunner.runTest(SuiteRunner.java:334)
	at org.testng.SuiteRunner.runSequentially(SuiteRunner.java:329)
	at org.testng.SuiteRunner.privateRun(SuiteRunner.java:291)
	at org.testng.SuiteRunner.run(SuiteRunner.java:240)
	at org.testng.SuiteRunnerWorker.runSuite(SuiteRunnerWorker.java:53)
	at org.testng.SuiteRunnerWorker.run(SuiteRunnerWorker.java:87)
	at org.testng.TestNG.runSuitesSequentially(TestNG.java:1170)
	at org.testng.TestNG.runSuitesLocally(TestNG.java:1095)
	at org.testng.TestNG.run(TestNG.java:1007)
	at com.webdriver.qa.automation.framework.SuiteRunner.executeTestNGSuite(SuiteRunner.java:18)
	at com.webdriver.qa.automation.framework.Execute.main(Execute.java:8)
]]>
    </failure>
  </testcase> <!-- testRegisterPremium -->
</testsuite> <!-- com.webdriver.qa.automation.btr.testcases.registration.TestRegisterPremiumAccount -->
