<?xml version="1.0" encoding="UTF-8"?>
<!-- Generated by org.testng.reporters.JUnitReportReporter -->
<testsuite hostname="new-host.home" name="com.webdriver.qa.automation.btr.testcases.registration.TestRegisterFreeAccount" tests="1" failures="1" timestamp="1 Jul 2012 18:48:23 GMT" time="3.079" errors="0">
  <testcase name="testRegisterFreeAcount" time="3.079" classname="com.webdriver.qa.automation.btr.testcases.registration.TestRegisterFreeAccount">
    <failure type="java.lang.ClassCastException" message="java.lang.String cannot be cast to org.openqa.selenium.WebElement">
      <![CDATA[java.lang.ClassCastException: java.lang.String cannot be cast to org.openqa.selenium.WebElement
	at org.openqa.selenium.remote.RemoteWebDriver.findElement(RemoteWebDriver.java:228)
	at org.openqa.selenium.remote.RemoteWebDriver.findElementByCssSelector(RemoteWebDriver.java:303)
	at org.openqa.selenium.By$ByCssSelector.findElement(By.java:405)
	at org.openqa.selenium.remote.RemoteWebDriver.findElement(RemoteWebDriver.java:218)
	at org.openqa.selenium.support.ui.ExpectedConditions.findElement(ExpectedConditions.java:421)
	at org.openqa.selenium.support.ui.ExpectedConditions.access$000(ExpectedConditions.java:39)
	at org.openqa.selenium.support.ui.ExpectedConditions$3.apply(ExpectedConditions.java:98)
	at org.openqa.selenium.support.ui.ExpectedConditions$3.apply(ExpectedConditions.java:96)
	at com.webdriver.qa.automation.btr.pages.MainPage.goToRegistrationViaBecomeHostLink(MainPage.java:42)
	at com.webdriver.qa.automation.btr.testcases.registration.TestRegisterFreeAccount.testRegisterFreeAcount(TestRegisterFreeAccount.java:56)
	at sun.reflect.NativeMethodAccessorImpl.invoke0(Native Method)
	at sun.reflect.NativeMethodAccessorImpl.invoke(NativeMethodAccessorImpl.java:39)
	at sun.reflect.DelegatingMethodAccessorImpl.invoke(DelegatingMethodAccessorImpl.java:25)
	at java.lang.reflect.Method.invoke(Method.java:597)
	at org.testng.internal.MethodInvocationHelper.invokeMethod(MethodInvocationHelper.java:80)
	at org.testng.internal.Invoker.invokeMethod(Invoker.java:701)
	at org.testng.internal.Invoker.invokeTestMethod(Invoker.java:893)
	at org.testng.internal.Invoker.invokeTestMethods(Invoker.java:1218)
	at org.testng.internal.TestMethodWorker.invokeTestMethods(TestMethodWorker.java:127)
	at org.testng.internal.TestMethodWorker.run(TestMethodWorker.java:111)
	at org.testng.TestRunner.privateRun(TestRunner.java:758)
	at org.testng.TestRunner.run(TestRunner.java:613)
	at org.testng.SuiteRunner.runTest(SuiteRunner.java:334)
	at org.testng.SuiteRunner.runSequentially(SuiteRunner.java:329)
	at org.testng.SuiteRunner.privateRun(SuiteRunner.java:291)
	at org.testng.SuiteRunner.run(SuiteRunner.java:240)
	at org.testng.SuiteRunnerWorker.runSuite(SuiteRunnerWorker.java:53)
	at org.testng.SuiteRunnerWorker.run(SuiteRunnerWorker.java:87)
	at org.testng.TestNG.runSuitesSequentially(TestNG.java:1170)
	at org.testng.TestNG.runSuitesLocally(TestNG.java:1095)
	at org.testng.TestNG.run(TestNG.java:1007)
	at com.webdriver.qa.automation.execute.runner.SuiteRunner.executeTestNGSuite(SuiteRunner.java:18)
	at com.webdriver.qa.automation.execute.Execute.main(Execute.java:8)
]]>
    </failure>
  </testcase> <!-- testRegisterFreeAcount -->
</testsuite> <!-- com.webdriver.qa.automation.btr.testcases.registration.TestRegisterFreeAccount -->
